<?xml version="1.0" encoding="UTF-8"?>
<!-- Generated by org.testng.reporters.JUnitReportReporter -->
<testsuite hostname="LMA003531" failures="0" tests="1" name="Execution.ExLogin" time="3.661" errors="0" timestamp="22 Jul 2022 11:19:53 GMT">
  <testcase classname="Execution.ExLogin" name="runLogin" time="3.661"/>
</testsuite> <!-- Execution.ExLogin -->
