<?xml version="1.0" encoding="UTF-8"?>
<!-- Generated by org.testng.reporters.JUnitReportReporter -->
<testsuite hostname="LMA003531" name="My.company.FOne.AppTest" tests="1" failures="0" timestamp="17 Aug 2022 13:56:52 GMT" time="0.001" errors="0">
  <testcase name="shouldAnswerWithTrue" time="0.001" classname="My.company.FOne.AppTest"/>
</testsuite> <!-- My.company.FOne.AppTest -->
